15:57:53,741 INFO  com.agf.dataprocess.common.Log - com.agf.dataprocess.common.util.TreatmentGuiLauncher : -> Début d'exécution de com.agf.dataprocess.common.util.MockTreatmentGui(1, un)
15:57:53,741 INFO  com.agf.dataprocess.common.Log - com.agf.dataprocess.common.util.TreatmentGuiLauncher : -> Fin d'exécution de com.agf.dataprocess.common.util.MockTreatmentGui(1, un)
15:57:54,584 INFO  com.agf.dataprocess.common.Log - com.agf.dataprocess.common.userparam.User : michel n'a pas de référentiel de traitement courant ou bien il n'est plus valide. Il a donc été fixé par défaut à HB3
15:57:54,584 INFO  com.agf.dataprocess.common.Log - com.agf.dataprocess.common.userparam.User : michel n'a pas de référentiel de traitement courant ou bien il n'est plus valide. Il a donc été fixé par défaut à HB3
15:57:54,584 ERROR com.agf.dataprocess.common.Log - com.agf.dataprocess.common.userparam.User$Repository : Le format de la date d'expiration '01/01//9999' est erroné.
Le format doit être dd-MM-yyyy ou dd/MM/yyyy
java.text.ParseException: Unparseable date: "01/01//9999"
	at java.text.DateFormat.parse(DateFormat.java:335)
	at com.agf.dataprocess.common.userparam.User$Repository.isValid(User.java:225)
	at com.agf.dataprocess.common.userparam.UserTest.repository(UserTest.java:96)
	at sun.reflect.NativeMethodAccessorImpl.invoke0(Native Method)
	at sun.reflect.NativeMethodAccessorImpl.invoke(NativeMethodAccessorImpl.java:39)
	at sun.reflect.DelegatingMethodAccessorImpl.invoke(DelegatingMethodAccessorImpl.java:25)
	at java.lang.reflect.Method.invoke(Method.java:585)
	at org.junit.runners.model.FrameworkMethod$1.runReflectiveCall(FrameworkMethod.java:44)
	at org.junit.internal.runners.model.ReflectiveCallable.run(ReflectiveCallable.java:15)
	at org.junit.runners.model.FrameworkMethod.invokeExplosively(FrameworkMethod.java:41)
	at org.junit.internal.runners.statements.InvokeMethod.evaluate(InvokeMethod.java:20)
	at org.junit.runners.BlockJUnit4ClassRunner.runChild(BlockJUnit4ClassRunner.java:76)
	at org.junit.runners.BlockJUnit4ClassRunner.runChild(BlockJUnit4ClassRunner.java:50)
	at org.junit.runners.ParentRunner$3.run(ParentRunner.java:193)
	at org.junit.runners.ParentRunner$1.schedule(ParentRunner.java:52)
	at org.junit.runners.ParentRunner.runChildren(ParentRunner.java:191)
	at org.junit.runners.ParentRunner.access$000(ParentRunner.java:42)
	at org.junit.runners.ParentRunner$2.evaluate(ParentRunner.java:184)
	at org.junit.runners.ParentRunner.run(ParentRunner.java:236)
	at org.apache.maven.surefire.junit4.JUnit4TestSet.execute(JUnit4TestSet.java:62)
	at org.apache.maven.surefire.suite.AbstractDirectoryTestSuite.executeTestSet(AbstractDirectoryTestSuite.java:138)
	at org.apache.maven.surefire.suite.AbstractDirectoryTestSuite.execute(AbstractDirectoryTestSuite.java:125)
	at org.apache.maven.surefire.Surefire.run(Surefire.java:132)
	at sun.reflect.NativeMethodAccessorImpl.invoke0(Native Method)
	at sun.reflect.NativeMethodAccessorImpl.invoke(NativeMethodAccessorImpl.java:39)
	at sun.reflect.DelegatingMethodAccessorImpl.invoke(DelegatingMethodAccessorImpl.java:25)
	at java.lang.reflect.Method.invoke(Method.java:585)
	at org.apache.maven.surefire.booter.SurefireBooter.runSuitesInProcess(SurefireBooter.java:290)
	at org.apache.maven.surefire.booter.SurefireBooter.main(SurefireBooter.java:818)
15:57:54,584 ERROR com.agf.dataprocess.common.Log - com.agf.dataprocess.common.userparam.User$Repository : Le format de la date d'expiration '2001' est erroné.
Le format doit être dd-MM-yyyy ou dd/MM/yyyy
java.text.ParseException: Unparseable date: "2001"
	at java.text.DateFormat.parse(DateFormat.java:335)
	at com.agf.dataprocess.common.userparam.User$Repository.isValid(User.java:225)
	at com.agf.dataprocess.common.userparam.UserTest.repository(UserTest.java:102)
	at sun.reflect.NativeMethodAccessorImpl.invoke0(Native Method)
	at sun.reflect.NativeMethodAccessorImpl.invoke(NativeMethodAccessorImpl.java:39)
	at sun.reflect.DelegatingMethodAccessorImpl.invoke(DelegatingMethodAccessorImpl.java:25)
	at java.lang.reflect.Method.invoke(Method.java:585)
	at org.junit.runners.model.FrameworkMethod$1.runReflectiveCall(FrameworkMethod.java:44)
	at org.junit.internal.runners.model.ReflectiveCallable.run(ReflectiveCallable.java:15)
	at org.junit.runners.model.FrameworkMethod.invokeExplosively(FrameworkMethod.java:41)
	at org.junit.internal.runners.statements.InvokeMethod.evaluate(InvokeMethod.java:20)
	at org.junit.runners.BlockJUnit4ClassRunner.runChild(BlockJUnit4ClassRunner.java:76)
	at org.junit.runners.BlockJUnit4ClassRunner.runChild(BlockJUnit4ClassRunner.java:50)
	at org.junit.runners.ParentRunner$3.run(ParentRunner.java:193)
	at org.junit.runners.ParentRunner$1.schedule(ParentRunner.java:52)
	at org.junit.runners.ParentRunner.runChildren(ParentRunner.java:191)
	at org.junit.runners.ParentRunner.access$000(ParentRunner.java:42)
	at org.junit.runners.ParentRunner$2.evaluate(ParentRunner.java:184)
	at org.junit.runners.ParentRunner.run(ParentRunner.java:236)
	at org.apache.maven.surefire.junit4.JUnit4TestSet.execute(JUnit4TestSet.java:62)
	at org.apache.maven.surefire.suite.AbstractDirectoryTestSuite.executeTestSet(AbstractDirectoryTestSuite.java:138)
	at org.apache.maven.surefire.suite.AbstractDirectoryTestSuite.execute(AbstractDirectoryTestSuite.java:125)
	at org.apache.maven.surefire.Surefire.run(Surefire.java:132)
	at sun.reflect.NativeMethodAccessorImpl.invoke0(Native Method)
	at sun.reflect.NativeMethodAccessorImpl.invoke(NativeMethodAccessorImpl.java:39)
	at sun.reflect.DelegatingMethodAccessorImpl.invoke(DelegatingMethodAccessorImpl.java:25)
	at java.lang.reflect.Method.invoke(Method.java:585)
	at org.apache.maven.surefire.booter.SurefireBooter.runSuitesInProcess(SurefireBooter.java:290)
	at org.apache.maven.surefire.booter.SurefireBooter.main(SurefireBooter.java:818)
16:04:19,187 INFO  net.codjo.dataprocess.common.Log - net.codjo.dataprocess.common.util.TreatmentGuiLauncher : -> Début d'exécution de net.codjo.dataprocess.common.util.MockTreatmentGui(1, un)
16:04:19,187 INFO  net.codjo.dataprocess.common.Log - net.codjo.dataprocess.common.util.TreatmentGuiLauncher : -> Fin d'exécution de net.codjo.dataprocess.common.util.MockTreatmentGui(1, un)
16:04:19,203 INFO  net.codjo.dataprocess.common.Log - net.codjo.dataprocess.common.userparam.User : michel n'a pas de référentiel de traitement courant ou bien il n'est plus valide. Il a donc été fixé par défaut à HB3
16:04:19,203 INFO  net.codjo.dataprocess.common.Log - net.codjo.dataprocess.common.userparam.User : michel n'a pas de référentiel de traitement courant ou bien il n'est plus valide. Il a donc été fixé par défaut à HB3
16:04:19,203 ERROR net.codjo.dataprocess.common.Log - net.codjo.dataprocess.common.userparam.User$Repository : Le format de la date d'expiration '01/01//9999' est erroné.
Le format doit être dd-MM-yyyy ou dd/MM/yyyy
java.text.ParseException: Unparseable date: "01/01//9999"
	at java.text.DateFormat.parse(DateFormat.java:335)
	at net.codjo.dataprocess.common.userparam.User$Repository.isValid(User.java:225)
	at net.codjo.dataprocess.common.userparam.UserTest.repository(UserTest.java:96)
	at sun.reflect.NativeMethodAccessorImpl.invoke0(Native Method)
	at sun.reflect.NativeMethodAccessorImpl.invoke(NativeMethodAccessorImpl.java:39)
	at sun.reflect.DelegatingMethodAccessorImpl.invoke(DelegatingMethodAccessorImpl.java:25)
	at java.lang.reflect.Method.invoke(Method.java:585)
	at org.junit.runners.model.FrameworkMethod$1.runReflectiveCall(FrameworkMethod.java:44)
	at org.junit.internal.runners.model.ReflectiveCallable.run(ReflectiveCallable.java:15)
	at org.junit.runners.model.FrameworkMethod.invokeExplosively(FrameworkMethod.java:41)
	at org.junit.internal.runners.statements.InvokeMethod.evaluate(InvokeMethod.java:20)
	at org.junit.runners.BlockJUnit4ClassRunner.runChild(BlockJUnit4ClassRunner.java:76)
	at org.junit.runners.BlockJUnit4ClassRunner.runChild(BlockJUnit4ClassRunner.java:50)
	at org.junit.runners.ParentRunner$3.run(ParentRunner.java:193)
	at org.junit.runners.ParentRunner$1.schedule(ParentRunner.java:52)
	at org.junit.runners.ParentRunner.runChildren(ParentRunner.java:191)
	at org.junit.runners.ParentRunner.access$000(ParentRunner.java:42)
	at org.junit.runners.ParentRunner$2.evaluate(ParentRunner.java:184)
	at org.junit.runners.ParentRunner.run(ParentRunner.java:236)
	at org.apache.maven.surefire.junit4.JUnit4TestSet.execute(JUnit4TestSet.java:62)
	at org.apache.maven.surefire.suite.AbstractDirectoryTestSuite.executeTestSet(AbstractDirectoryTestSuite.java:138)
	at org.apache.maven.surefire.suite.AbstractDirectoryTestSuite.execute(AbstractDirectoryTestSuite.java:125)
	at org.apache.maven.surefire.Surefire.run(Surefire.java:132)
	at sun.reflect.NativeMethodAccessorImpl.invoke0(Native Method)
	at sun.reflect.NativeMethodAccessorImpl.invoke(NativeMethodAccessorImpl.java:39)
	at sun.reflect.DelegatingMethodAccessorImpl.invoke(DelegatingMethodAccessorImpl.java:25)
	at java.lang.reflect.Method.invoke(Method.java:585)
	at org.apache.maven.surefire.booter.SurefireBooter.runSuitesInProcess(SurefireBooter.java:290)
	at org.apache.maven.surefire.booter.SurefireBooter.main(SurefireBooter.java:818)
16:04:19,203 ERROR net.codjo.dataprocess.common.Log - net.codjo.dataprocess.common.userparam.User$Repository : Le format de la date d'expiration '2001' est erroné.
Le format doit être dd-MM-yyyy ou dd/MM/yyyy
java.text.ParseException: Unparseable date: "2001"
	at java.text.DateFormat.parse(DateFormat.java:335)
	at net.codjo.dataprocess.common.userparam.User$Repository.isValid(User.java:225)
	at net.codjo.dataprocess.common.userparam.UserTest.repository(UserTest.java:102)
	at sun.reflect.NativeMethodAccessorImpl.invoke0(Native Method)
	at sun.reflect.NativeMethodAccessorImpl.invoke(NativeMethodAccessorImpl.java:39)
	at sun.reflect.DelegatingMethodAccessorImpl.invoke(DelegatingMethodAccessorImpl.java:25)
	at java.lang.reflect.Method.invoke(Method.java:585)
	at org.junit.runners.model.FrameworkMethod$1.runReflectiveCall(FrameworkMethod.java:44)
	at org.junit.internal.runners.model.ReflectiveCallable.run(ReflectiveCallable.java:15)
	at org.junit.runners.model.FrameworkMethod.invokeExplosively(FrameworkMethod.java:41)
	at org.junit.internal.runners.statements.InvokeMethod.evaluate(InvokeMethod.java:20)
	at org.junit.runners.BlockJUnit4ClassRunner.runChild(BlockJUnit4ClassRunner.java:76)
	at org.junit.runners.BlockJUnit4ClassRunner.runChild(BlockJUnit4ClassRunner.java:50)
	at org.junit.runners.ParentRunner$3.run(ParentRunner.java:193)
	at org.junit.runners.ParentRunner$1.schedule(ParentRunner.java:52)
	at org.junit.runners.ParentRunner.runChildren(ParentRunner.java:191)
	at org.junit.runners.ParentRunner.access$000(ParentRunner.java:42)
	at org.junit.runners.ParentRunner$2.evaluate(ParentRunner.java:184)
	at org.junit.runners.ParentRunner.run(ParentRunner.java:236)
	at org.apache.maven.surefire.junit4.JUnit4TestSet.execute(JUnit4TestSet.java:62)
	at org.apache.maven.surefire.suite.AbstractDirectoryTestSuite.executeTestSet(AbstractDirectoryTestSuite.java:138)
	at org.apache.maven.surefire.suite.AbstractDirectoryTestSuite.execute(AbstractDirectoryTestSuite.java:125)
	at org.apache.maven.surefire.Surefire.run(Surefire.java:132)
	at sun.reflect.NativeMethodAccessorImpl.invoke0(Native Method)
	at sun.reflect.NativeMethodAccessorImpl.invoke(NativeMethodAccessorImpl.java:39)
	at sun.reflect.DelegatingMethodAccessorImpl.invoke(DelegatingMethodAccessorImpl.java:25)
	at java.lang.reflect.Method.invoke(Method.java:585)
	at org.apache.maven.surefire.booter.SurefireBooter.runSuitesInProcess(SurefireBooter.java:290)
	at org.apache.maven.surefire.booter.SurefireBooter.main(SurefireBooter.java:818)
16:16:23,839 INFO  net.codjo.dataprocess.common.Log - net.codjo.dataprocess.common.util.TreatmentGuiLauncher : -> Début d'exécution de net.codjo.dataprocess.common.util.MockTreatmentGui(1, un)
16:16:23,839 INFO  net.codjo.dataprocess.common.Log - net.codjo.dataprocess.common.util.TreatmentGuiLauncher : -> Fin d'exécution de net.codjo.dataprocess.common.util.MockTreatmentGui(1, un)
16:16:23,854 INFO  net.codjo.dataprocess.common.Log - net.codjo.dataprocess.common.userparam.User : michel n'a pas de référentiel de traitement courant ou bien il n'est plus valide. Il a donc été fixé par défaut à HB3
16:16:23,854 INFO  net.codjo.dataprocess.common.Log - net.codjo.dataprocess.common.userparam.User : michel n'a pas de référentiel de traitement courant ou bien il n'est plus valide. Il a donc été fixé par défaut à HB3
16:16:23,854 ERROR net.codjo.dataprocess.common.Log - net.codjo.dataprocess.common.userparam.User$Repository : Le format de la date d'expiration '01/01//9999' est erroné.
Le format doit être dd-MM-yyyy ou dd/MM/yyyy
java.text.ParseException: Unparseable date: "01/01//9999"
	at java.text.DateFormat.parse(DateFormat.java:335)
	at net.codjo.dataprocess.common.userparam.User$Repository.isValid(User.java:225)
	at net.codjo.dataprocess.common.userparam.UserTest.repository(UserTest.java:96)
	at sun.reflect.NativeMethodAccessorImpl.invoke0(Native Method)
	at sun.reflect.NativeMethodAccessorImpl.invoke(NativeMethodAccessorImpl.java:39)
	at sun.reflect.DelegatingMethodAccessorImpl.invoke(DelegatingMethodAccessorImpl.java:25)
	at java.lang.reflect.Method.invoke(Method.java:585)
	at org.junit.runners.model.FrameworkMethod$1.runReflectiveCall(FrameworkMethod.java:44)
	at org.junit.internal.runners.model.ReflectiveCallable.run(ReflectiveCallable.java:15)
	at org.junit.runners.model.FrameworkMethod.invokeExplosively(FrameworkMethod.java:41)
	at org.junit.internal.runners.statements.InvokeMethod.evaluate(InvokeMethod.java:20)
	at org.junit.runners.BlockJUnit4ClassRunner.runChild(BlockJUnit4ClassRunner.java:76)
	at org.junit.runners.BlockJUnit4ClassRunner.runChild(BlockJUnit4ClassRunner.java:50)
	at org.junit.runners.ParentRunner$3.run(ParentRunner.java:193)
	at org.junit.runners.ParentRunner$1.schedule(ParentRunner.java:52)
	at org.junit.runners.ParentRunner.runChildren(ParentRunner.java:191)
	at org.junit.runners.ParentRunner.access$000(ParentRunner.java:42)
	at org.junit.runners.ParentRunner$2.evaluate(ParentRunner.java:184)
	at org.junit.runners.ParentRunner.run(ParentRunner.java:236)
	at org.apache.maven.surefire.junit4.JUnit4TestSet.execute(JUnit4TestSet.java:62)
	at org.apache.maven.surefire.suite.AbstractDirectoryTestSuite.executeTestSet(AbstractDirectoryTestSuite.java:138)
	at org.apache.maven.surefire.suite.AbstractDirectoryTestSuite.execute(AbstractDirectoryTestSuite.java:125)
	at org.apache.maven.surefire.Surefire.run(Surefire.java:132)
	at sun.reflect.NativeMethodAccessorImpl.invoke0(Native Method)
	at sun.reflect.NativeMethodAccessorImpl.invoke(NativeMethodAccessorImpl.java:39)
	at sun.reflect.DelegatingMethodAccessorImpl.invoke(DelegatingMethodAccessorImpl.java:25)
	at java.lang.reflect.Method.invoke(Method.java:585)
	at org.apache.maven.surefire.booter.SurefireBooter.runSuitesInProcess(SurefireBooter.java:290)
	at org.apache.maven.surefire.booter.SurefireBooter.main(SurefireBooter.java:818)
16:16:23,854 ERROR net.codjo.dataprocess.common.Log - net.codjo.dataprocess.common.userparam.User$Repository : Le format de la date d'expiration '2001' est erroné.
Le format doit être dd-MM-yyyy ou dd/MM/yyyy
java.text.ParseException: Unparseable date: "2001"
	at java.text.DateFormat.parse(DateFormat.java:335)
	at net.codjo.dataprocess.common.userparam.User$Repository.isValid(User.java:225)
	at net.codjo.dataprocess.common.userparam.UserTest.repository(UserTest.java:102)
	at sun.reflect.NativeMethodAccessorImpl.invoke0(Native Method)
	at sun.reflect.NativeMethodAccessorImpl.invoke(NativeMethodAccessorImpl.java:39)
	at sun.reflect.DelegatingMethodAccessorImpl.invoke(DelegatingMethodAccessorImpl.java:25)
	at java.lang.reflect.Method.invoke(Method.java:585)
	at org.junit.runners.model.FrameworkMethod$1.runReflectiveCall(FrameworkMethod.java:44)
	at org.junit.internal.runners.model.ReflectiveCallable.run(ReflectiveCallable.java:15)
	at org.junit.runners.model.FrameworkMethod.invokeExplosively(FrameworkMethod.java:41)
	at org.junit.internal.runners.statements.InvokeMethod.evaluate(InvokeMethod.java:20)
	at org.junit.runners.BlockJUnit4ClassRunner.runChild(BlockJUnit4ClassRunner.java:76)
	at org.junit.runners.BlockJUnit4ClassRunner.runChild(BlockJUnit4ClassRunner.java:50)
	at org.junit.runners.ParentRunner$3.run(ParentRunner.java:193)
	at org.junit.runners.ParentRunner$1.schedule(ParentRunner.java:52)
	at org.junit.runners.ParentRunner.runChildren(ParentRunner.java:191)
	at org.junit.runners.ParentRunner.access$000(ParentRunner.java:42)
	at org.junit.runners.ParentRunner$2.evaluate(ParentRunner.java:184)
	at org.junit.runners.ParentRunner.run(ParentRunner.java:236)
	at org.apache.maven.surefire.junit4.JUnit4TestSet.execute(JUnit4TestSet.java:62)
	at org.apache.maven.surefire.suite.AbstractDirectoryTestSuite.executeTestSet(AbstractDirectoryTestSuite.java:138)
	at org.apache.maven.surefire.suite.AbstractDirectoryTestSuite.execute(AbstractDirectoryTestSuite.java:125)
	at org.apache.maven.surefire.Surefire.run(Surefire.java:132)
	at sun.reflect.NativeMethodAccessorImpl.invoke0(Native Method)
	at sun.reflect.NativeMethodAccessorImpl.invoke(NativeMethodAccessorImpl.java:39)
	at sun.reflect.DelegatingMethodAccessorImpl.invoke(DelegatingMethodAccessorImpl.java:25)
	at java.lang.reflect.Method.invoke(Method.java:585)
	at org.apache.maven.surefire.booter.SurefireBooter.runSuitesInProcess(SurefireBooter.java:290)
	at org.apache.maven.surefire.booter.SurefireBooter.main(SurefireBooter.java:818)
15:03:38,070 INFO  net.codjo.dataprocess.common.Log - net.codjo.dataprocess.common.util.TreatmentGuiLauncher : -> Début d'exécution de net.codjo.dataprocess.common.util.MockTreatmentGui(1, un)
15:03:38,070 INFO  net.codjo.dataprocess.common.Log - net.codjo.dataprocess.common.util.TreatmentGuiLauncher : -> Fin d'exécution de net.codjo.dataprocess.common.util.MockTreatmentGui(1, un)
15:03:38,086 INFO  net.codjo.dataprocess.common.Log - net.codjo.dataprocess.common.userparam.User : michel n'a pas de référentiel de traitement courant ou bien il n'est plus valide. Il a donc été fixé par défaut à HB3
15:03:38,086 INFO  net.codjo.dataprocess.common.Log - net.codjo.dataprocess.common.userparam.User : michel n'a pas de référentiel de traitement courant ou bien il n'est plus valide. Il a donc été fixé par défaut à HB3
15:03:38,086 ERROR net.codjo.dataprocess.common.Log - net.codjo.dataprocess.common.userparam.User$Repository : Le format de la date d'expiration '01/01//9999' est erroné.
Le format doit être dd-MM-yyyy ou dd/MM/yyyy
java.text.ParseException: Unparseable date: "01/01//9999"
	at java.text.DateFormat.parse(DateFormat.java:335)
	at net.codjo.dataprocess.common.userparam.User$Repository.isValid(User.java:225)
	at net.codjo.dataprocess.common.userparam.UserTest.repository(UserTest.java:96)
	at sun.reflect.NativeMethodAccessorImpl.invoke0(Native Method)
	at sun.reflect.NativeMethodAccessorImpl.invoke(NativeMethodAccessorImpl.java:39)
	at sun.reflect.DelegatingMethodAccessorImpl.invoke(DelegatingMethodAccessorImpl.java:25)
	at java.lang.reflect.Method.invoke(Method.java:585)
	at org.junit.runners.model.FrameworkMethod$1.runReflectiveCall(FrameworkMethod.java:44)
	at org.junit.internal.runners.model.ReflectiveCallable.run(ReflectiveCallable.java:15)
	at org.junit.runners.model.FrameworkMethod.invokeExplosively(FrameworkMethod.java:41)
	at org.junit.internal.runners.statements.InvokeMethod.evaluate(InvokeMethod.java:20)
	at org.junit.runners.BlockJUnit4ClassRunner.runChild(BlockJUnit4ClassRunner.java:76)
	at org.junit.runners.BlockJUnit4ClassRunner.runChild(BlockJUnit4ClassRunner.java:50)
	at org.junit.runners.ParentRunner$3.run(ParentRunner.java:193)
	at org.junit.runners.ParentRunner$1.schedule(ParentRunner.java:52)
	at org.junit.runners.ParentRunner.runChildren(ParentRunner.java:191)
	at org.junit.runners.ParentRunner.access$000(ParentRunner.java:42)
	at org.junit.runners.ParentRunner$2.evaluate(ParentRunner.java:184)
	at org.junit.runners.ParentRunner.run(ParentRunner.java:236)
	at org.apache.maven.surefire.junit4.JUnit4TestSet.execute(JUnit4TestSet.java:62)
	at org.apache.maven.surefire.suite.AbstractDirectoryTestSuite.executeTestSet(AbstractDirectoryTestSuite.java:138)
	at org.apache.maven.surefire.suite.AbstractDirectoryTestSuite.execute(AbstractDirectoryTestSuite.java:125)
	at org.apache.maven.surefire.Surefire.run(Surefire.java:132)
	at sun.reflect.NativeMethodAccessorImpl.invoke0(Native Method)
	at sun.reflect.NativeMethodAccessorImpl.invoke(NativeMethodAccessorImpl.java:39)
	at sun.reflect.DelegatingMethodAccessorImpl.invoke(DelegatingMethodAccessorImpl.java:25)
	at java.lang.reflect.Method.invoke(Method.java:585)
	at org.apache.maven.surefire.booter.SurefireBooter.runSuitesInProcess(SurefireBooter.java:290)
	at org.apache.maven.surefire.booter.SurefireBooter.main(SurefireBooter.java:818)
15:03:38,086 ERROR net.codjo.dataprocess.common.Log - net.codjo.dataprocess.common.userparam.User$Repository : Le format de la date d'expiration '2001' est erroné.
Le format doit être dd-MM-yyyy ou dd/MM/yyyy
java.text.ParseException: Unparseable date: "2001"
	at java.text.DateFormat.parse(DateFormat.java:335)
	at net.codjo.dataprocess.common.userparam.User$Repository.isValid(User.java:225)
	at net.codjo.dataprocess.common.userparam.UserTest.repository(UserTest.java:102)
	at sun.reflect.NativeMethodAccessorImpl.invoke0(Native Method)
	at sun.reflect.NativeMethodAccessorImpl.invoke(NativeMethodAccessorImpl.java:39)
	at sun.reflect.DelegatingMethodAccessorImpl.invoke(DelegatingMethodAccessorImpl.java:25)
	at java.lang.reflect.Method.invoke(Method.java:585)
	at org.junit.runners.model.FrameworkMethod$1.runReflectiveCall(FrameworkMethod.java:44)
	at org.junit.internal.runners.model.ReflectiveCallable.run(ReflectiveCallable.java:15)
	at org.junit.runners.model.FrameworkMethod.invokeExplosively(FrameworkMethod.java:41)
	at org.junit.internal.runners.statements.InvokeMethod.evaluate(InvokeMethod.java:20)
	at org.junit.runners.BlockJUnit4ClassRunner.runChild(BlockJUnit4ClassRunner.java:76)
	at org.junit.runners.BlockJUnit4ClassRunner.runChild(BlockJUnit4ClassRunner.java:50)
	at org.junit.runners.ParentRunner$3.run(ParentRunner.java:193)
	at org.junit.runners.ParentRunner$1.schedule(ParentRunner.java:52)
	at org.junit.runners.ParentRunner.runChildren(ParentRunner.java:191)
	at org.junit.runners.ParentRunner.access$000(ParentRunner.java:42)
	at org.junit.runners.ParentRunner$2.evaluate(ParentRunner.java:184)
	at org.junit.runners.ParentRunner.run(ParentRunner.java:236)
	at org.apache.maven.surefire.junit4.JUnit4TestSet.execute(JUnit4TestSet.java:62)
	at org.apache.maven.surefire.suite.AbstractDirectoryTestSuite.executeTestSet(AbstractDirectoryTestSuite.java:138)
	at org.apache.maven.surefire.suite.AbstractDirectoryTestSuite.execute(AbstractDirectoryTestSuite.java:125)
	at org.apache.maven.surefire.Surefire.run(Surefire.java:132)
	at sun.reflect.NativeMethodAccessorImpl.invoke0(Native Method)
	at sun.reflect.NativeMethodAccessorImpl.invoke(NativeMethodAccessorImpl.java:39)
	at sun.reflect.DelegatingMethodAccessorImpl.invoke(DelegatingMethodAccessorImpl.java:25)
	at java.lang.reflect.Method.invoke(Method.java:585)
	at org.apache.maven.surefire.booter.SurefireBooter.runSuitesInProcess(SurefireBooter.java:290)
	at org.apache.maven.surefire.booter.SurefireBooter.main(SurefireBooter.java:818)
15:11:28,239 INFO  net.codjo.dataprocess.common.Log - net.codjo.dataprocess.common.util.TreatmentGuiLauncher : -> Début d'exécution de net.codjo.dataprocess.common.util.MockTreatmentGui(1, un)
15:11:28,239 INFO  net.codjo.dataprocess.common.Log - net.codjo.dataprocess.common.util.TreatmentGuiLauncher : -> Fin d'exécution de net.codjo.dataprocess.common.util.MockTreatmentGui(1, un)
15:11:28,239 INFO  net.codjo.dataprocess.common.Log - net.codjo.dataprocess.common.userparam.User : michel n'a pas de référentiel de traitement courant ou bien il n'est plus valide. Il a donc été fixé par défaut à HB3
15:11:28,239 INFO  net.codjo.dataprocess.common.Log - net.codjo.dataprocess.common.userparam.User : michel n'a pas de référentiel de traitement courant ou bien il n'est plus valide. Il a donc été fixé par défaut à HB3
15:11:28,239 ERROR net.codjo.dataprocess.common.Log - net.codjo.dataprocess.common.userparam.User$Repository : Le format de la date d'expiration '01/01//9999' est erroné.
Le format doit être dd-MM-yyyy ou dd/MM/yyyy
java.text.ParseException: Unparseable date: "01/01//9999"
	at java.text.DateFormat.parse(DateFormat.java:335)
	at net.codjo.dataprocess.common.userparam.User$Repository.isValid(User.java:225)
	at net.codjo.dataprocess.common.userparam.UserTest.repository(UserTest.java:96)
	at sun.reflect.NativeMethodAccessorImpl.invoke0(Native Method)
	at sun.reflect.NativeMethodAccessorImpl.invoke(NativeMethodAccessorImpl.java:39)
	at sun.reflect.DelegatingMethodAccessorImpl.invoke(DelegatingMethodAccessorImpl.java:25)
	at java.lang.reflect.Method.invoke(Method.java:585)
	at org.junit.runners.model.FrameworkMethod$1.runReflectiveCall(FrameworkMethod.java:44)
	at org.junit.internal.runners.model.ReflectiveCallable.run(ReflectiveCallable.java:15)
	at org.junit.runners.model.FrameworkMethod.invokeExplosively(FrameworkMethod.java:41)
	at org.junit.internal.runners.statements.InvokeMethod.evaluate(InvokeMethod.java:20)
	at org.junit.runners.BlockJUnit4ClassRunner.runChild(BlockJUnit4ClassRunner.java:76)
	at org.junit.runners.BlockJUnit4ClassRunner.runChild(BlockJUnit4ClassRunner.java:50)
	at org.junit.runners.ParentRunner$3.run(ParentRunner.java:193)
	at org.junit.runners.ParentRunner$1.schedule(ParentRunner.java:52)
	at org.junit.runners.ParentRunner.runChildren(ParentRunner.java:191)
	at org.junit.runners.ParentRunner.access$000(ParentRunner.java:42)
	at org.junit.runners.ParentRunner$2.evaluate(ParentRunner.java:184)
	at org.junit.runners.ParentRunner.run(ParentRunner.java:236)
	at org.apache.maven.surefire.junit4.JUnit4TestSet.execute(JUnit4TestSet.java:62)
	at org.apache.maven.surefire.suite.AbstractDirectoryTestSuite.executeTestSet(AbstractDirectoryTestSuite.java:138)
	at org.apache.maven.surefire.suite.AbstractDirectoryTestSuite.execute(AbstractDirectoryTestSuite.java:125)
	at org.apache.maven.surefire.Surefire.run(Surefire.java:132)
	at sun.reflect.NativeMethodAccessorImpl.invoke0(Native Method)
	at sun.reflect.NativeMethodAccessorImpl.invoke(NativeMethodAccessorImpl.java:39)
	at sun.reflect.DelegatingMethodAccessorImpl.invoke(DelegatingMethodAccessorImpl.java:25)
	at java.lang.reflect.Method.invoke(Method.java:585)
	at org.apache.maven.surefire.booter.SurefireBooter.runSuitesInProcess(SurefireBooter.java:290)
	at org.apache.maven.surefire.booter.SurefireBooter.main(SurefireBooter.java:818)
15:11:28,239 ERROR net.codjo.dataprocess.common.Log - net.codjo.dataprocess.common.userparam.User$Repository : Le format de la date d'expiration '2001' est erroné.
Le format doit être dd-MM-yyyy ou dd/MM/yyyy
java.text.ParseException: Unparseable date: "2001"
	at java.text.DateFormat.parse(DateFormat.java:335)
	at net.codjo.dataprocess.common.userparam.User$Repository.isValid(User.java:225)
	at net.codjo.dataprocess.common.userparam.UserTest.repository(UserTest.java:102)
	at sun.reflect.NativeMethodAccessorImpl.invoke0(Native Method)
	at sun.reflect.NativeMethodAccessorImpl.invoke(NativeMethodAccessorImpl.java:39)
	at sun.reflect.DelegatingMethodAccessorImpl.invoke(DelegatingMethodAccessorImpl.java:25)
	at java.lang.reflect.Method.invoke(Method.java:585)
	at org.junit.runners.model.FrameworkMethod$1.runReflectiveCall(FrameworkMethod.java:44)
	at org.junit.internal.runners.model.ReflectiveCallable.run(ReflectiveCallable.java:15)
	at org.junit.runners.model.FrameworkMethod.invokeExplosively(FrameworkMethod.java:41)
	at org.junit.internal.runners.statements.InvokeMethod.evaluate(InvokeMethod.java:20)
	at org.junit.runners.BlockJUnit4ClassRunner.runChild(BlockJUnit4ClassRunner.java:76)
	at org.junit.runners.BlockJUnit4ClassRunner.runChild(BlockJUnit4ClassRunner.java:50)
	at org.junit.runners.ParentRunner$3.run(ParentRunner.java:193)
	at org.junit.runners.ParentRunner$1.schedule(ParentRunner.java:52)
	at org.junit.runners.ParentRunner.runChildren(ParentRunner.java:191)
	at org.junit.runners.ParentRunner.access$000(ParentRunner.java:42)
	at org.junit.runners.ParentRunner$2.evaluate(ParentRunner.java:184)
	at org.junit.runners.ParentRunner.run(ParentRunner.java:236)
	at org.apache.maven.surefire.junit4.JUnit4TestSet.execute(JUnit4TestSet.java:62)
	at org.apache.maven.surefire.suite.AbstractDirectoryTestSuite.executeTestSet(AbstractDirectoryTestSuite.java:138)
	at org.apache.maven.surefire.suite.AbstractDirectoryTestSuite.execute(AbstractDirectoryTestSuite.java:125)
	at org.apache.maven.surefire.Surefire.run(Surefire.java:132)
	at sun.reflect.NativeMethodAccessorImpl.invoke0(Native Method)
	at sun.reflect.NativeMethodAccessorImpl.invoke(NativeMethodAccessorImpl.java:39)
	at sun.reflect.DelegatingMethodAccessorImpl.invoke(DelegatingMethodAccessorImpl.java:25)
	at java.lang.reflect.Method.invoke(Method.java:585)
	at org.apache.maven.surefire.booter.SurefireBooter.runSuitesInProcess(SurefireBooter.java:290)
	at org.apache.maven.surefire.booter.SurefireBooter.main(SurefireBooter.java:818)
